# project waf (1.7.11) configured on Tue Jun 17 20:32:19 2014 by
# waf 1.7.11 (abi 98, python 20706f0 on linux2)
# using ./waf-light
#
----------------------------------------
Setting top to
/home/florian/wafdev/waf-1.7.11
----------------------------------------
Setting out to
/home/florian/wafdev/waf-1.7.11/build
----------------------------------------
Checking for program python
/usr/bin/python
find program=['python'] paths=['/home/florian/PebbleDev/PebbleSDK/bin', '/home/florian/adt-bundle-linux-x86_64-20140321/eclipse', '/usr/bin', '/opt/Matlab/bin', '/home/florian/adt-bundle-linux-x86_64-20140321/sdk/tools', '/home/florian/adt-bundle-linux-x86_64-20140321/sdk/platform-tools', '/opt/arm-2008q3/bin/', '/home/florian/PebbleSDK/bin', '/home/florian/adt-bundle-linux-x86_64-20140321/eclipse', '/usr/bin', '/opt/Matlab/bin', '/home/florian/adt-bundle-linux-x86_64-20140321/sdk/tools', '/home/florian/adt-bundle-linux-x86_64-20140321/sdk/platform-tools', '/opt/arm-2008q3/bin/', '/home/florian/PebbleSDK', '/home/florian/adt-bundle-linux-x86_64-20140321/eclipse', '/usr/bin', '/opt/Matlab/bin', '/home/florian/adt-bundle-linux-x86_64-20140321/sdk/tools', '/home/florian/adt-bundle-linux-x86_64-20140321/sdk/platform-tools', '/opt/arm-2008q3/bin/', '/home/florian/adt-bundle-linux-x86_64-20140321/eclipse', '/usr/bin', '/opt/Matlab/bin', '/home/florian/adt-bundle-linux-x86_64-20140321/sdk/tools', '/home/florian/adt-bundle-linux-x86_64-20140321/sdk/platform-tools', '/opt/arm-2008q3/bin/', '/usr/games', '/usr/local/sbin', '/usr/local/bin', '/usr/sbin', '/usr/bin', '/sbin', '/bin', '/usr/games', '/usr/local/games'] var='PYTHON' -> '/usr/bin/python'
['/usr/bin/python', '-c', 'import sys\nfor x in sys.version_info: print(str(x))']
out: 2
7
6
final
0

['/usr/bin/python', '-c', "from distutils.sysconfig import get_config_var, get_python_lib\n\nprint(repr(get_python_lib(standard_lib=0, prefix='/usr/local') or ''))"]
out: '/usr/local/lib/python2.7/dist-packages'

'/usr/local/lib/python2.7/dist-packages'

['/usr/bin/python', '-c', "from distutils.sysconfig import get_config_var, get_python_lib\n\nprint(repr(get_python_lib(plat_specific=1, standard_lib=0, prefix='/usr/local') or ''))"]
out: '/usr/local/lib/python2.7/dist-packages'

'/usr/local/lib/python2.7/dist-packages'

----------------------------------------
Checking for python version
(2, 7, 6, 'final', 0)
